{"timestamp":"2025-09-24T06:18:50.852Z","duration":"6507ms","method":"POST","url":"/api/auth/register","user":"anonymous","ip":"::1"}
{"timestamp":"2025-09-24T06:29:52.725Z","duration":"1467ms","method":"POST","url":"/api/auth/register","user":"anonymous","ip":"::1"}
{"timestamp":"2025-09-24T06:30:58.253Z","duration":"1245ms","method":"POST","url":"/api/auth/register","user":"anonymous","ip":"::1"}
{"timestamp":"2025-09-24T19:04:46.258Z","duration":"1478ms","method":"POST","url":"/api/auth/login","user":"anonymous","ip":"::1"}
{"timestamp":"2025-09-26T19:41:35.787Z","duration":"2402ms","method":"POST","url":"/api/auth/login","user":"anonymous","ip":"::1"}
{"timestamp":"2025-09-27T18:59:11.289Z","duration":"1648ms","method":"POST","url":"/api/auth/login","user":"anonymous","ip":"::1"}
{"timestamp":"2025-09-27T19:11:41.793Z","duration":"1267ms","method":"POST","url":"/api/auth/login","user":"anonymous","ip":"::1"}
{"timestamp":"2025-09-28T13:24:41.208Z","duration":"10659ms","method":"POST","url":"/api/auth/login","user":"anonymous","ip":"::1"}
{"timestamp":"2025-09-28T13:46:55.434Z","duration":"1016ms","method":"POST","url":"/api/auth/login","user":"anonymous","ip":"::1"}
{"timestamp":"2025-09-28T15:30:04.783Z","duration":"2555ms","method":"POST","url":"/api/auth/login","user":"anonymous","ip":"::1"}
{"timestamp":"2025-09-29T19:20:53.780Z","duration":"7662ms","method":"POST","url":"/api/auth/login","user":"anonymous","ip":"::1"}
{"timestamp":"2025-09-29T19:26:11.677Z","duration":"3394ms","method":"POST","url":"/api/auth/login","user":"anonymous","ip":"::1"}
{"timestamp":"2025-09-30T18:40:58.007Z","duration":"10197ms","method":"POST","url":"/api/auth/login","user":"anonymous","ip":"::1"}
{"timestamp":"2025-09-30T18:42:07.338Z","duration":"1416ms","method":"POST","url":"/api/auth/login","user":"anonymous","ip":"::1"}
{"timestamp":"2025-09-30T18:48:11.796Z","duration":"1286ms","method":"POST","url":"/api/auth/login","user":"anonymous","ip":"::1"}
{"timestamp":"2025-10-01T16:54:49.207Z","duration":"1677ms","method":"POST","url":"/api/auth/login","user":"anonymous","ip":"::1"}
{"timestamp":"2025-10-02T19:45:06.941Z","duration":"1474ms","method":"POST","url":"/api/auth/login","user":"anonymous","ip":"::1"}
{"timestamp":"2025-10-09T18:21:45.830Z","duration":"1121ms","method":"POST","url":"/api/employees","user":"admin(admin)","ip":"::1"}
{"timestamp":"2025-11-26T15:25:04.625Z","duration":"16644ms","method":"POST","url":"/api/auth/register","user":"anonymous","ip":"::1"}
{"timestamp":"2025-11-26T15:51:26.050Z","duration":"1060ms","method":"GET","url":"/api/test","user":"anonymous","ip":"::1"}
{"timestamp":"2025-11-26T18:05:02.526Z","duration":"1915ms","method":"POST","url":"/api/auth/login","user":"anonymous","ip":"::1"}
{"timestamp":"2025-11-29T07:16:02.022Z","duration":"2601ms","method":"GET","url":"/api/employees","user":"adminSH(admin)","ip":"::1"}
{"timestamp":"2025-11-29T07:16:02.016Z","duration":"2796ms","method":"GET","url":"/api/employees?role=manager","user":"adminSH(admin)","ip":"::1"}
{"timestamp":"2025-11-29T07:16:02.039Z","duration":"2607ms","method":"GET","url":"/api/departments","user":"adminSH(admin)","ip":"::1"}
{"timestamp":"2025-11-29T07:16:03.088Z","duration":"1062ms","method":"GET","url":"/api/employees?role=manager","user":"adminSH(admin)","ip":"::1"}
{"timestamp":"2025-11-29T07:16:03.093Z","duration":"1048ms","method":"GET","url":"/api/employees","user":"adminSH(admin)","ip":"::1"}
{"timestamp":"2025-11-29T07:16:03.124Z","duration":"1071ms","method":"GET","url":"/api/departments","user":"adminSH(admin)","ip":"::1"}
{"timestamp":"2025-11-29T07:16:04.274Z","duration":"1091ms","method":"GET","url":"/api/employees?role=manager","user":"adminSH(admin)","ip":"::1"}
{"timestamp":"2025-11-29T07:16:06.345Z","duration":"2469ms","method":"GET","url":"/api/employees","user":"adminSH(admin)","ip":"::1"}
{"timestamp":"2025-11-29T07:16:06.355Z","duration":"2459ms","method":"GET","url":"/api/departments","user":"adminSH(admin)","ip":"::1"}
{"timestamp":"2025-11-29T07:16:06.759Z","duration":"2482ms","method":"GET","url":"/api/employees?role=manager","user":"adminSH(admin)","ip":"::1"}
{"timestamp":"2025-11-29T07:30:40.888Z","duration":"1024ms","method":"GET","url":"/api/employees?role=manager","user":"adminSH(admin)","ip":"::1"}
{"timestamp":"2025-11-29T07:30:40.904Z","duration":"1032ms","method":"GET","url":"/api/departments","user":"adminSH(admin)","ip":"::1"}
{"timestamp":"2025-11-29T07:30:41.749Z","duration":"1826ms","method":"GET","url":"/api/employees","user":"adminSH(admin)","ip":"::1"}
{"timestamp":"2025-11-29T07:30:43.900Z","duration":"3010ms","method":"GET","url":"/api/employees?role=manager","user":"adminSH(admin)","ip":"::1"}
{"timestamp":"2025-11-29T07:30:43.983Z","duration":"3075ms","method":"GET","url":"/api/departments","user":"adminSH(admin)","ip":"::1"}
{"timestamp":"2025-11-29T07:45:29.420Z","duration":"1199ms","method":"GET","url":"/api/employees?role=manager","user":"adminSH(admin)","ip":"::1"}
{"timestamp":"2025-11-29T07:45:30.118Z","duration":"1152ms","method":"GET","url":"/api/employees","user":"adminSH(admin)","ip":"::1"}
{"timestamp":"2025-11-29T07:45:30.394Z","duration":"1244ms","method":"GET","url":"/api/departments","user":"adminSH(admin)","ip":"::1"}
{"timestamp":"2025-11-29T07:45:43.794Z","duration":"1143ms","method":"GET","url":"/api/employees","user":"adminSH(admin)","ip":"::1"}
{"timestamp":"2025-11-29T07:45:43.800Z","duration":"1136ms","method":"GET","url":"/api/employees?role=manager","user":"adminSH(admin)","ip":"::1"}
{"timestamp":"2025-11-29T07:45:43.805Z","duration":"1147ms","method":"GET","url":"/api/departments","user":"adminSH(admin)","ip":"::1"}
{"timestamp":"2025-11-29T07:45:58.017Z","duration":"1120ms","method":"GET","url":"/api/departments","user":"adminSH(admin)","ip":"::1"}
{"timestamp":"2025-11-29T07:45:58.044Z","duration":"1115ms","method":"GET","url":"/api/employees","user":"adminSH(admin)","ip":"::1"}
{"timestamp":"2025-11-29T07:45:58.494Z","duration":"1053ms","method":"GET","url":"/api/employees?role=manager","user":"adminSH(admin)","ip":"::1"}
{"timestamp":"2025-11-29T09:00:44.523Z","duration":"2673ms","method":"POST","url":"/api/auth/login","user":"anonymous","ip":"::1"}
{"timestamp":"2025-11-29T09:07:42.998Z","duration":"1427ms","method":"POST","url":"/api/auth/login","user":"anonymous","ip":"::1"}
{"timestamp":"2025-11-29T09:08:52.472Z","duration":"1876ms","method":"GET","url":"/health","user":"anonymous","ip":"::1"}
{"timestamp":"2025-11-29T09:56:27.978Z","duration":"1340ms","method":"GET","url":"/api/employees","user":"adminSH(admin)","ip":"::1"}
{"timestamp":"2025-11-29T10:05:11.757Z","duration":"1022ms","method":"GET","url":"/api/employees?role=manager","user":"adminSH(admin)","ip":"::1"}
{"timestamp":"2025-11-29T10:05:12.025Z","duration":"1296ms","method":"GET","url":"/api/departments","user":"adminSH(admin)","ip":"::1"}
{"timestamp":"2025-11-29T10:05:17.367Z","duration":"2843ms","method":"GET","url":"/api/employees","user":"adminSH(admin)","ip":"::1"}
{"timestamp":"2025-11-29T10:05:17.457Z","duration":"2913ms","method":"GET","url":"/api/departments","user":"adminSH(admin)","ip":"::1"}
{"timestamp":"2025-11-29T10:05:17.757Z","duration":"3205ms","method":"GET","url":"/api/employees?role=manager","user":"adminSH(admin)","ip":"::1"}
{"timestamp":"2025-11-29T11:20:15.686Z","duration":"2073ms","method":"GET","url":"/api/departments","user":"adminSH(admin)","ip":"::1"}
{"timestamp":"2025-11-29T11:37:36.967Z","duration":"2132ms","method":"POST","url":"/api/auth/register","user":"anonymous","ip":"::1"}
{"timestamp":"2025-11-29T11:37:38.240Z","duration":"1264ms","method":"POST","url":"/api/auth/login","user":"anonymous","ip":"::1"}
{"timestamp":"2025-11-29T11:37:42.018Z","duration":"3773ms","method":"GET","url":"/api/departments","user":"admin1764416254772(admin)","ip":"::1"}
{"timestamp":"2025-11-29T11:37:44.344Z","duration":"2319ms","method":"POST","url":"/api/employees","user":"admin1764416254772(admin)","ip":"::1"}
{"timestamp":"2025-11-29T11:39:52.679Z","duration":"1503ms","method":"POST","url":"/api/auth/register","user":"anonymous","ip":"::1"}
{"timestamp":"2025-11-29T11:39:54.255Z","duration":"1567ms","method":"POST","url":"/api/auth/login","user":"anonymous","ip":"::1"}
{"timestamp":"2025-11-29T11:39:59.422Z","duration":"4554ms","method":"POST","url":"/api/employees","user":"admin1764416391114(admin)","ip":"::1"}
{"timestamp":"2025-11-29T11:40:04.905Z","duration":"5478ms","method":"GET","url":"/api/employees","user":"admin1764416391114(admin)","ip":"::1"}
{"timestamp":"2025-11-29T12:06:19.485Z","duration":"2006ms","method":"POST","url":"/api/auth/register","user":"anonymous","ip":"::1"}
{"timestamp":"2025-11-29T12:06:23.361Z","duration":"3849ms","method":"POST","url":"/api/auth/login","user":"anonymous","ip":"::1"}
{"timestamp":"2025-11-29T12:06:32.824Z","duration":"9459ms","method":"GET","url":"/api/departments","user":"admin1764417977365(admin)","ip":"::1"}
{"timestamp":"2025-11-29T12:06:53.848Z","duration":"21018ms","method":"POST","url":"/api/employees","user":"admin1764417977365(admin)","ip":"::1"}
{"timestamp":"2025-11-29T12:06:56.508Z","duration":"2655ms","method":"GET","url":"/api/employees","user":"admin1764417977365(admin)","ip":"::1"}
{"timestamp":"2025-11-29T12:08:30.255Z","duration":"1125ms","method":"GET","url":"/api/departments","user":"adminSH(admin)","ip":"::1"}
{"timestamp":"2025-11-29T12:11:51.816Z","duration":"1182ms","method":"GET","url":"/api/employees","user":"adminSH(admin)","ip":"::1"}
{"timestamp":"2025-11-29T12:13:25.050Z","duration":"1014ms","method":"GET","url":"/api/departments","user":"adminSH(admin)","ip":"::1"}
{"timestamp":"2025-11-29T12:13:25.095Z","duration":"1071ms","method":"GET","url":"/api/employees?role=manager","user":"adminSH(admin)","ip":"::1"}
{"timestamp":"2025-11-29T12:13:26.877Z","duration":"1345ms","method":"GET","url":"/api/employees?role=manager","user":"adminSH(admin)","ip":"::1"}
{"timestamp":"2025-11-29T12:13:27.161Z","duration":"1983ms","method":"GET","url":"/api/employees","user":"adminSH(admin)","ip":"::1"}
{"timestamp":"2025-11-29T12:13:27.311Z","duration":"2105ms","method":"GET","url":"/api/departments","user":"adminSH(admin)","ip":"::1"}
{"timestamp":"2025-11-29T13:11:28.310Z","duration":"1345ms","method":"POST","url":"/api/employees","user":"adminSH(admin)","ip":"::1"}
{"timestamp":"2025-11-29T13:15:20.342Z","duration":"1593ms","method":"GET","url":"/api/employees?role=manager","user":"adminSH(admin)","ip":"::1"}
{"timestamp":"2025-11-29T13:15:20.450Z","duration":"1631ms","method":"GET","url":"/api/departments","user":"adminSH(admin)","ip":"::1"}
{"timestamp":"2025-11-29T13:15:21.735Z","duration":"1389ms","method":"GET","url":"/api/employees?role=manager","user":"adminSH(admin)","ip":"::1"}
{"timestamp":"2025-11-29T13:15:21.889Z","duration":"1434ms","method":"GET","url":"/api/departments","user":"adminSH(admin)","ip":"::1"}
{"timestamp":"2025-11-29T13:15:47.663Z","duration":"1292ms","method":"GET","url":"/api/employees?role=manager","user":"adminSH(admin)","ip":"::1"}
{"timestamp":"2025-11-29T13:15:47.789Z","duration":"1302ms","method":"GET","url":"/api/departments","user":"adminSH(admin)","ip":"::1"}
{"timestamp":"2025-11-29T13:17:39.569Z","duration":"1011ms","method":"GET","url":"/api/departments","user":"adminSH(admin)","ip":"::1"}
{"timestamp":"2025-11-29T13:18:30.088Z","duration":"1070ms","method":"GET","url":"/api/departments","user":"adminSH(admin)","ip":"::1"}
{"timestamp":"2025-11-29T14:22:38.747Z","duration":"2967ms","method":"GET","url":"/api/employees","user":"adminSH(admin)","ip":"::1"}
{"timestamp":"2025-11-29T14:22:39.249Z","duration":"3435ms","method":"GET","url":"/api/employees?role=manager","user":"adminSH(admin)","ip":"::1"}
{"timestamp":"2025-11-29T14:22:39.525Z","duration":"3719ms","method":"GET","url":"/api/departments","user":"adminSH(admin)","ip":"::1"}
{"timestamp":"2025-11-29T14:22:41.401Z","duration":"2650ms","method":"GET","url":"/api/employees","user":"adminSH(admin)","ip":"::1"}
{"timestamp":"2025-11-29T14:22:42.230Z","duration":"2975ms","method":"GET","url":"/api/employees?role=manager","user":"adminSH(admin)","ip":"::1"}
{"timestamp":"2025-11-29T14:22:42.244Z","duration":"2716ms","method":"GET","url":"/api/departments","user":"adminSH(admin)","ip":"::1"}
{"timestamp":"2025-11-29T14:22:46.580Z","duration":"1908ms","method":"GET","url":"/api/employees?role=manager","user":"adminSH(admin)","ip":"::1"}
{"timestamp":"2025-11-29T14:22:46.895Z","duration":"2228ms","method":"GET","url":"/api/departments","user":"adminSH(admin)","ip":"::1"}
{"timestamp":"2025-11-29T14:23:33.089Z","duration":"7905ms","method":"GET","url":"/api/employees","user":"adminSH(admin)","ip":"::1"}
{"timestamp":"2025-11-29T14:23:33.107Z","duration":"7910ms","method":"GET","url":"/api/employees?role=manager","user":"adminSH(admin)","ip":"::1"}
{"timestamp":"2025-11-29T14:23:33.435Z","duration":"8244ms","method":"GET","url":"/api/departments","user":"adminSH(admin)","ip":"::1"}
{"timestamp":"2025-11-29T14:23:34.651Z","duration":"1559ms","method":"GET","url":"/api/employees","user":"adminSH(admin)","ip":"::1"}
{"timestamp":"2025-11-29T14:23:34.711Z","duration":"1601ms","method":"GET","url":"/api/employees?role=manager","user":"adminSH(admin)","ip":"::1"}
{"timestamp":"2025-11-29T14:23:35.641Z","duration":"2200ms","method":"GET","url":"/api/departments","user":"adminSH(admin)","ip":"::1"}
{"timestamp":"2025-11-29T14:24:52.146Z","duration":"12731ms","method":"GET","url":"/api/employees?role=manager","user":"adminSH(admin)","ip":"::1"}
{"timestamp":"2025-11-29T14:24:52.193Z","duration":"12784ms","method":"GET","url":"/api/employees","user":"adminSH(admin)","ip":"::1"}
{"timestamp":"2025-11-29T14:24:54.643Z","duration":"15246ms","method":"GET","url":"/api/departments","user":"adminSH(admin)","ip":"::1"}
{"timestamp":"2025-11-29T14:24:59.422Z","duration":"7227ms","method":"GET","url":"/api/employees","user":"adminSH(admin)","ip":"::1"}
{"timestamp":"2025-11-29T14:24:59.541Z","duration":"7390ms","method":"GET","url":"/api/employees?role=manager","user":"adminSH(admin)","ip":"::1"}
{"timestamp":"2025-11-29T14:25:00.083Z","duration":"5437ms","method":"GET","url":"/api/departments","user":"adminSH(admin)","ip":"::1"}
{"timestamp":"2025-11-29T15:56:22.429Z","duration":"1517ms","method":"GET","url":"/api/employees","user":"adminSH(admin)","ip":"::1"}
{"timestamp":"2025-11-29T15:56:22.441Z","duration":"1447ms","method":"GET","url":"/api/employees?role=manager","user":"adminSH(admin)","ip":"::1"}
{"timestamp":"2025-11-29T15:56:22.738Z","duration":"1751ms","method":"GET","url":"/api/departments","user":"adminSH(admin)","ip":"::1"}
{"timestamp":"2025-11-29T15:56:23.521Z","duration":"1075ms","method":"GET","url":"/api/employees","user":"adminSH(admin)","ip":"::1"}
{"timestamp":"2025-11-29T15:56:23.533Z","duration":"1078ms","method":"GET","url":"/api/employees?role=manager","user":"adminSH(admin)","ip":"::1"}
{"timestamp":"2025-11-29T16:28:25.260Z","duration":"1976ms","method":"GET","url":"/api/employees","user":"adminSH(admin)","ip":"::1"}
{"timestamp":"2025-11-29T16:28:25.284Z","duration":"1985ms","method":"GET","url":"/api/employees?role=manager","user":"adminSH(admin)","ip":"::1"}
{"timestamp":"2025-11-29T16:28:25.769Z","duration":"2477ms","method":"GET","url":"/api/departments","user":"adminSH(admin)","ip":"::1"}
{"timestamp":"2025-11-29T16:28:26.760Z","duration":"1497ms","method":"GET","url":"/api/employees","user":"adminSH(admin)","ip":"::1"}
{"timestamp":"2025-11-29T16:28:26.994Z","duration":"1708ms","method":"GET","url":"/api/employees?role=manager","user":"adminSH(admin)","ip":"::1"}
{"timestamp":"2025-11-29T16:28:27.018Z","duration":"1246ms","method":"GET","url":"/api/departments","user":"adminSH(admin)","ip":"::1"}
{"timestamp":"2025-11-29T16:32:15.544Z","duration":"1660ms","method":"POST","url":"/api/auth/register","user":"anonymous","ip":"::1"}
{"timestamp":"2025-11-29T16:32:16.830Z","duration":"1276ms","method":"POST","url":"/api/auth/login","user":"anonymous","ip":"::1"}
{"timestamp":"2025-11-29T16:32:44.580Z","duration":"3091ms","method":"POST","url":"/api/auth/register","user":"anonymous","ip":"::1"}
{"timestamp":"2025-11-29T16:32:48.303Z","duration":"3718ms","method":"POST","url":"/api/auth/login","user":"anonymous","ip":"::1"}
{"timestamp":"2025-11-29T16:33:23.904Z","duration":"1126ms","method":"POST","url":"/api/auth/register","user":"anonymous","ip":"::1"}
{"timestamp":"2025-11-29T16:33:25.036Z","duration":"1115ms","method":"POST","url":"/api/auth/login","user":"anonymous","ip":"::1"}
{"timestamp":"2025-11-29T16:33:30.130Z","duration":"4136ms","method":"POST","url":"/api/employees","user":"admin_test_1764434002713(admin)","ip":"::1"}
{"timestamp":"2025-11-29T16:35:13.201Z","duration":"1688ms","method":"POST","url":"/api/auth/register","user":"anonymous","ip":"::1"}
{"timestamp":"2025-11-29T16:35:16.076Z","duration":"2863ms","method":"POST","url":"/api/auth/login","user":"anonymous","ip":"::1"}
{"timestamp":"2025-11-29T16:35:33.197Z","duration":"17116ms","method":"GET","url":"/api/departments","user":"admin_test_1764434111442(admin)","ip":"::1"}
{"timestamp":"2025-11-29T16:35:36.457Z","duration":"3242ms","method":"POST","url":"/api/employees","user":"admin_test_1764434111442(admin)","ip":"::1"}
{"timestamp":"2025-11-29T16:35:38.214Z","duration":"1753ms","method":"PUT","url":"/api/employees/692b20d7475d81c6f315846e","user":"admin_test_1764434111442(admin)","ip":"::1"}
{"timestamp":"2025-11-29T16:35:46.005Z","duration":"7785ms","method":"DELETE","url":"/api/employees/692b20d7475d81c6f315846e","user":"admin_test_1764434111442(admin)","ip":"::1"}
{"timestamp":"2025-11-29T16:35:47.283Z","duration":"1274ms","method":"GET","url":"/api/employees/692b20d7475d81c6f315846e","user":"admin_test_1764434111442(admin)","ip":"::1"}
{"timestamp":"2025-11-29T18:20:50.283Z","duration":"1492ms","method":"GET","url":"/api/employees","user":"adminSH(admin)","ip":"::1"}
{"timestamp":"2025-11-29T18:20:50.532Z","duration":"1750ms","method":"GET","url":"/api/employees?role=manager","user":"adminSH(admin)","ip":"::1"}
{"timestamp":"2025-11-29T18:20:50.734Z","duration":"1961ms","method":"GET","url":"/api/departments","user":"adminSH(admin)","ip":"::1"}
{"timestamp":"2025-11-29T18:20:51.740Z","duration":"1205ms","method":"GET","url":"/api/employees","user":"adminSH(admin)","ip":"::1"}
{"timestamp":"2025-11-29T18:20:51.920Z","duration":"1122ms","method":"GET","url":"/api/employees?role=manager","user":"adminSH(admin)","ip":"::1"}
{"timestamp":"2025-11-29T18:20:53.415Z","duration":"2611ms","method":"GET","url":"/api/departments","user":"adminSH(admin)","ip":"::1"}
{"timestamp":"2025-11-30T08:51:21.378Z","duration":"1753ms","method":"POST","url":"/api/auth/register","user":"anonymous","ip":"::1"}
{"timestamp":"2025-11-30T08:51:24.571Z","duration":"2146ms","method":"POST","url":"/api/employees","user":"admin_1764492679184(admin)","ip":"::1"}
{"timestamp":"2025-11-30T08:51:26.068Z","duration":"1489ms","method":"POST","url":"/api/auth/register","user":"anonymous","ip":"::1"}
{"timestamp":"2025-11-30T08:51:27.867Z","duration":"1792ms","method":"POST","url":"/api/auth/login","user":"anonymous","ip":"::1"}
{"timestamp":"2025-11-30T10:36:40.711Z","duration":"2985ms","method":"POST","url":"/api/attendance/check-in","user":"adminSH(admin)","ip":"::1"}
{"timestamp":"2025-11-30T11:36:41.901Z","duration":"1119ms","method":"GET","url":"/api/attendance/today","user":"adminSH(admin)","ip":"::1"}
{"timestamp":"2025-11-30T11:41:30.841Z","duration":"10504ms","method":"GET","url":"/api/attendance","user":"adminSH(admin)","ip":"::1"}
{"timestamp":"2025-11-30T11:41:32.920Z","duration":"2050ms","method":"GET","url":"/api/attendance/today","user":"adminSH(admin)","ip":"::1"}
{"timestamp":"2025-11-30T11:41:39.019Z","duration":"8168ms","method":"GET","url":"/api/attendance","user":"adminSH(admin)","ip":"::1"}
{"timestamp":"2025-11-30T11:41:40.170Z","duration":"1109ms","method":"GET","url":"/api/attendance/today","user":"adminSH(admin)","ip":"::1"}
{"timestamp":"2025-11-30T14:17:00.354Z","duration":"24625ms","method":"GET","url":"/api/attendance","user":"anonymous","ip":"::1"}
{"timestamp":"2025-11-30T14:23:30.846Z","duration":"1453ms","method":"GET","url":"/api/departments","user":"adminSH(admin)","ip":"::1"}
{"timestamp":"2025-11-30T14:23:31.510Z","duration":"2127ms","method":"GET","url":"/api/employees","user":"adminSH(admin)","ip":"::1"}
{"timestamp":"2025-11-30T14:23:31.516Z","duration":"2114ms","method":"GET","url":"/api/employees?role=manager","user":"adminSH(admin)","ip":"::1"}
{"timestamp":"2025-11-30T16:08:01.687Z","duration":"1509ms","method":"POST","url":"/api/auth/register","user":"anonymous","ip":"::1"}
{"timestamp":"2025-11-30T16:08:03.103Z","duration":"1384ms","method":"POST","url":"/api/auth/login","user":"anonymous","ip":"::1"}
{"timestamp":"2025-11-30T16:09:07.198Z","duration":"2070ms","method":"POST","url":"/api/auth/register","user":"anonymous","ip":"::1"}
{"timestamp":"2025-11-30T16:09:08.384Z","duration":"1158ms","method":"POST","url":"/api/auth/login","user":"anonymous","ip":"::1"}
{"timestamp":"2025-11-30T16:09:41.686Z","duration":"1639ms","method":"POST","url":"/api/auth/register","user":"anonymous","ip":"::1"}
{"timestamp":"2025-11-30T16:09:42.886Z","duration":"1168ms","method":"POST","url":"/api/auth/login","user":"anonymous","ip":"::1"}
{"timestamp":"2025-11-30T16:19:40.008Z","duration":"16662ms","method":"GET","url":"/api/attendance","user":"anonymous","ip":"::1"}
{"timestamp":"2025-11-30T16:19:45.032Z","duration":"5020ms","method":"GET","url":"/api/attendance","user":"anonymous","ip":"::1"}
{"timestamp":"2025-11-30T16:44:31.634Z","duration":"1052ms","method":"POST","url":"/api/attendance/check-in","user":"adminSH(admin)","ip":"::1"}
{"timestamp":"2025-11-30T16:46:51.011Z","duration":"1580ms","method":"POST","url":"/api/auth/register","user":"anonymous","ip":"::1"}
{"timestamp":"2025-11-30T16:46:52.650Z","duration":"1602ms","method":"POST","url":"/api/auth/login","user":"anonymous","ip":"::1"}
{"timestamp":"2025-11-30T16:47:27.423Z","duration":"1934ms","method":"POST","url":"/api/auth/register","user":"anonymous","ip":"::1"}
{"timestamp":"2025-11-30T16:47:29.584Z","duration":"2126ms","method":"POST","url":"/api/auth/login","user":"anonymous","ip":"::1"}
{"timestamp":"2025-11-30T16:48:53.091Z","duration":"1414ms","method":"POST","url":"/api/auth/register","user":"anonymous","ip":"::1"}
{"timestamp":"2025-11-30T16:48:54.382Z","duration":"1260ms","method":"POST","url":"/api/auth/login","user":"anonymous","ip":"::1"}
{"timestamp":"2025-11-30T17:14:14.350Z","duration":"1564ms","method":"POST","url":"/api/auth/register","user":"anonymous","ip":"::1"}
{"timestamp":"2025-11-30T17:14:16.916Z","duration":"2532ms","method":"GET","url":"/api/departments","user":"admin_1764522852610(admin)","ip":"::1"}
{"timestamp":"2025-11-30T17:14:18.683Z","duration":"1757ms","method":"POST","url":"/api/employees","user":"admin_1764522852610(admin)","ip":"::1"}
{"timestamp":"2025-11-30T17:14:21.196Z","duration":"2506ms","method":"POST","url":"/api/auth/register","user":"anonymous","ip":"::1"}
{"timestamp":"2025-11-30T17:14:23.798Z","duration":"2596ms","method":"POST","url":"/api/auth/login","user":"anonymous","ip":"::1"}
{"timestamp":"2025-11-30T17:14:24.858Z","duration":"1054ms","method":"POST","url":"/api/attendance/check-in","user":"emp009_user_1764522852610(employee)","ip":"::1"}
{"timestamp":"2025-11-30T18:06:59.075Z","duration":"2120ms","method":"POST","url":"/api/auth/register","user":"anonymous","ip":"::1"}
{"timestamp":"2025-11-30T18:07:00.257Z","duration":"1159ms","method":"GET","url":"/api/departments","user":"admin_1764526016688(admin)","ip":"::1"}
{"timestamp":"2025-11-30T18:07:51.738Z","duration":"1294ms","method":"POST","url":"/api/auth/register","user":"anonymous","ip":"::1"}
{"timestamp":"2025-11-30T18:07:54.208Z","duration":"1954ms","method":"POST","url":"/api/auth/login","user":"anonymous","ip":"::1"}
{"timestamp":"2025-11-30T18:25:53.890Z","duration":"1419ms","method":"GET","url":"/api/attendance","user":"adminSH(admin)","ip":"::1"}
{"timestamp":"2025-12-01T15:51:30.643Z","duration":"10145ms","method":"GET","url":"/api/attendance","user":"anonymous","ip":"::1"}
{"timestamp":"2025-12-01T15:51:40.677Z","duration":"10028ms","method":"GET","url":"/api/attendance","user":"anonymous","ip":"::1"}
{"timestamp":"2025-12-01T17:49:57.533Z","duration":"1924ms","method":"GET","url":"/api/attendance","user":"adminSH(admin)","ip":"::1"}
{"timestamp":"2025-12-01T17:49:58.615Z","duration":"1077ms","method":"GET","url":"/api/attendance","user":"adminSH(admin)","ip":"::1"}
{"timestamp":"2025-12-01T17:50:00.310Z","duration":"1083ms","method":"GET","url":"/api/attendance/stats","user":"adminSH(admin)","ip":"::1"}
{"timestamp":"2025-12-01T17:54:36.379Z","duration":"1263ms","method":"GET","url":"/api/attendance","user":"adminSH(admin)","ip":"::1"}
{"timestamp":"2025-12-01T17:59:56.998Z","duration":"1089ms","method":"GET","url":"/api/attendance","user":"adminSH(admin)","ip":"::1"}
{"timestamp":"2025-12-01T18:16:31.967Z","duration":"6518ms","method":"POST","url":"/api/attendance/check-in","user":"adminSH(admin)","ip":"::1"}
{"timestamp":"2025-12-01T18:26:23.807Z","duration":"3803ms","method":"POST","url":"/api/attendance/check-in","user":"adminSH(admin)","ip":"::1"}
{"timestamp":"2025-12-01T19:07:42.006Z","duration":"7902ms","method":"POST","url":"/api/auth/login","user":"anonymous","ip":"::1"}
{"timestamp":"2025-12-01T19:07:46.738Z","duration":"4507ms","method":"POST","url":"/api/auth/login","user":"anonymous","ip":"::1"}
{"timestamp":"2025-12-01T19:24:19.783Z","duration":"1229ms","method":"GET","url":"/api/employees","user":"adminSH(admin)","ip":"::1"}
{"timestamp":"2025-12-01T19:24:19.825Z","duration":"2202ms","method":"GET","url":"/api/employees?role=manager","user":"adminSH(admin)","ip":"::1"}
{"timestamp":"2025-12-01T19:24:19.937Z","duration":"1376ms","method":"GET","url":"/api/departments","user":"adminSH(admin)","ip":"::1"}
{"timestamp":"2025-12-02T15:02:21.318Z","duration":"1480ms","method":"POST","url":"/api/auth/login","user":"anonymous","ip":"::1"}
{"timestamp":"2025-12-02T15:32:52.548Z","duration":"5929ms","method":"GET","url":"/api/employees","user":"adminSH(admin)","ip":"::1"}
{"timestamp":"2025-12-02T15:32:52.687Z","duration":"6723ms","method":"GET","url":"/api/departments","user":"adminSH(admin)","ip":"::1"}
{"timestamp":"2025-12-02T15:32:53.305Z","duration":"7161ms","method":"GET","url":"/api/employees?role=manager","user":"adminSH(admin)","ip":"::1"}
{"timestamp":"2025-12-02T15:33:38.159Z","duration":"1359ms","method":"POST","url":"/api/auth/register","user":"anonymous","ip":"::1"}
{"timestamp":"2025-12-02T15:33:40.610Z","duration":"1725ms","method":"POST","url":"/api/employees","user":"Admin 1764689616793(admin)","ip":"::1"}
{"timestamp":"2025-12-02T15:33:42.108Z","duration":"1492ms","method":"POST","url":"/api/auth/login","user":"anonymous","ip":"::1"}
{"timestamp":"2025-12-02T16:10:07.117Z","duration":"1616ms","method":"GET","url":"/api/employees?role=manager","user":"adminSH(admin)","ip":"::1"}
{"timestamp":"2025-12-02T16:10:07.222Z","duration":"1757ms","method":"GET","url":"/api/departments","user":"adminSH(admin)","ip":"::1"}
{"timestamp":"2025-12-02T16:10:08.303Z","duration":"1077ms","method":"GET","url":"/api/departments","user":"adminSH(admin)","ip":"::1"}
{"timestamp":"2025-12-02T18:22:59.250Z","duration":"1193ms","method":"POST","url":"/api/auth/login","user":"anonymous","ip":"::1"}
{"timestamp":"2025-12-02T18:23:30.827Z","duration":"1185ms","method":"POST","url":"/api/auth/register","user":"anonymous","ip":"::1"}
{"timestamp":"2025-12-02T18:28:10.810Z","duration":"1187ms","method":"POST","url":"/api/auth/register","user":"anonymous","ip":"::1"}
{"timestamp":"2025-12-02T20:31:24.491Z","duration":"7108ms","method":"POST","url":"/api/auth/register","user":"anonymous","ip":"::1"}
{"timestamp":"2025-12-02T20:31:26.763Z","duration":"2024ms","method":"POST","url":"/api/employees","user":"Temp Admin 1764707472493(admin)","ip":"::1"}
{"timestamp":"2025-12-02T20:32:18.702Z","duration":"1309ms","method":"POST","url":"/api/auth/register","user":"anonymous","ip":"::1"}
{"timestamp":"2025-12-02T20:32:20.519Z","duration":"1795ms","method":"GET","url":"/api/departments","user":"Temp Admin 1764707537289(admin)","ip":"::1"}
{"timestamp":"2025-12-02T20:32:22.804Z","duration":"2277ms","method":"POST","url":"/api/employees","user":"Temp Admin 1764707537289(admin)","ip":"::1"}
{"timestamp":"2025-12-02T20:32:24.654Z","duration":"1844ms","method":"POST","url":"/api/auth/register","user":"anonymous","ip":"::1"}
{"timestamp":"2025-12-02T20:32:58.371Z","duration":"1267ms","method":"POST","url":"/api/auth/register","user":"anonymous","ip":"::1"}
{"timestamp":"2025-12-02T20:33:01.187Z","duration":"2108ms","method":"POST","url":"/api/employees","user":"Temp Admin 1764707576980(admin)","ip":"::1"}
{"timestamp":"2025-12-23T19:38:27.699Z","duration":"4990ms","method":"POST","url":"/api/auth/login","user":"anonymous","ip":"::1"}
{"timestamp":"2025-12-23T19:51:06.823Z","duration":"3277ms","method":"POST","url":"/api/auth/login","user":"anonymous","ip":"::1"}
{"timestamp":"2025-12-23T19:51:17.573Z","duration":"4879ms","method":"GET","url":"/api/employees?role=manager","user":"adminSH(admin)","ip":"::1"}
{"timestamp":"2025-12-23T19:51:17.589Z","duration":"5199ms","method":"GET","url":"/api/employees","user":"adminSH(admin)","ip":"::1"}
{"timestamp":"2025-12-23T19:51:17.755Z","duration":"5349ms","method":"GET","url":"/api/departments","user":"adminSH(admin)","ip":"::1"}
{"timestamp":"2025-12-23T19:51:47.120Z","duration":"2083ms","method":"GET","url":"/api/employees","user":"adminSH(admin)","ip":"::1"}
{"timestamp":"2025-12-23T19:51:47.257Z","duration":"2162ms","method":"GET","url":"/api/employees?role=manager","user":"adminSH(admin)","ip":"::1"}
{"timestamp":"2025-12-23T19:51:47.536Z","duration":"2468ms","method":"GET","url":"/api/departments","user":"adminSH(admin)","ip":"::1"}
{"timestamp":"2025-12-23T19:51:48.553Z","duration":"1007ms","method":"GET","url":"/api/departments","user":"adminSH(admin)","ip":"::1"}
{"timestamp":"2025-12-24T18:07:15.277Z","duration":"1172ms","method":"POST","url":"/api/auth/login","user":"anonymous","ip":"::1"}
{"timestamp":"2025-12-24T19:16:16.725Z","duration":"1037ms","method":"POST","url":"/api/auth/login","user":"anonymous","ip":"::1"}
{"timestamp":"2025-12-26T15:53:11.322Z","duration":"1251ms","method":"GET","url":"/api/employees?role=manager","user":"adminSH(admin)","ip":"::1"}
{"timestamp":"2025-12-26T15:53:11.356Z","duration":"1298ms","method":"GET","url":"/api/employees","user":"adminSH(admin)","ip":"::1"}
{"timestamp":"2025-12-26T15:53:11.421Z","duration":"1411ms","method":"GET","url":"/api/departments","user":"adminSH(admin)","ip":"::1"}
{"timestamp":"2025-12-26T16:49:37.939Z","duration":"1073ms","method":"GET","url":"/api/employees","user":"adminSH(admin)","ip":"::1"}
{"timestamp":"2025-12-26T19:20:34.267Z","duration":"1192ms","method":"GET","url":"/api/attendance","user":"adminSH(admin)","ip":"::1"}
{"timestamp":"2025-12-26T19:37:56.872Z","duration":"3348ms","method":"GET","url":"/api/attendance","user":"adminSH(admin)","ip":"::1"}
{"timestamp":"2025-12-26T19:37:59.136Z","duration":"1186ms","method":"GET","url":"/api/attendance/today","user":"adminSH(admin)","ip":"::1"}
{"timestamp":"2025-12-26T19:38:01.100Z","duration":"1919ms","method":"GET","url":"/api/attendance/stats","user":"adminSH(admin)","ip":"::1"}
{"timestamp":"2025-12-26T19:38:01.201Z","duration":"3854ms","method":"GET","url":"/api/attendance","user":"adminSH(admin)","ip":"::1"}
{"timestamp":"2025-12-26T19:38:02.757Z","duration":"1467ms","method":"GET","url":"/api/attendance/today","user":"adminSH(admin)","ip":"::1"}
{"timestamp":"2025-12-26T19:38:06.403Z","duration":"3596ms","method":"GET","url":"/api/attendance/stats","user":"adminSH(admin)","ip":"::1"}
